0 info it worked if it ends with ok
1 verbose cli [ '/usr/bin/nodejs', '/usr/bin/npm', 'run', 'hyde:prod' ]
2 info using npm@3.5.2
3 info using node@v4.2.6
4 verbose run-script [ 'prehyde:prod', 'hyde:prod', 'posthyde:prod' ]
5 info lifecycle devilesk.com@1.0.0~prehyde:prod: devilesk.com@1.0.0
6 silly lifecycle devilesk.com@1.0.0~prehyde:prod: no script for prehyde:prod, continuing
7 info lifecycle devilesk.com@1.0.0~hyde:prod: devilesk.com@1.0.0
8 verbose lifecycle devilesk.com@1.0.0~hyde:prod: unsafe-perm in lifecycle true
9 verbose lifecycle devilesk.com@1.0.0~hyde:prod: PATH: /usr/share/npm/bin/node-gyp-bin:/home/devilesk/sites/devilesk.com/node_modules/.bin:/home/devilesk/venv/devilesk.com/bin:/home/devilesk/bin:/home/devilesk/.local/bin:/usr/local/sbin:/usr/local/bin:/usr/sbin:/usr/bin:/sbin:/bin:/usr/games:/usr/local/games:/snap/bin
10 verbose lifecycle devilesk.com@1.0.0~hyde:prod: CWD: /home/devilesk/sites/devilesk.com
11 silly lifecycle devilesk.com@1.0.0~hyde:prod: Args: [ '-c', 'hyde gen -c site-prod.yaml' ]
12 silly lifecycle devilesk.com@1.0.0~hyde:prod: Returned: code: 2  signal: null
13 info lifecycle devilesk.com@1.0.0~hyde:prod: Failed to exec hyde:prod script
14 verbose stack Error: devilesk.com@1.0.0 hyde:prod: `hyde gen -c site-prod.yaml`
14 verbose stack Exit status 2
14 verbose stack     at EventEmitter.<anonymous> (/usr/share/npm/lib/utils/lifecycle.js:232:16)
14 verbose stack     at emitTwo (events.js:87:13)
14 verbose stack     at EventEmitter.emit (events.js:172:7)
14 verbose stack     at ChildProcess.<anonymous> (/usr/share/npm/lib/utils/spawn.js:24:14)
14 verbose stack     at emitTwo (events.js:87:13)
14 verbose stack     at ChildProcess.emit (events.js:172:7)
14 verbose stack     at maybeClose (internal/child_process.js:821:16)
14 verbose stack     at Process.ChildProcess._handle.onexit (internal/child_process.js:211:5)
15 verbose pkgid devilesk.com@1.0.0
16 verbose cwd /home/devilesk/sites/devilesk.com
17 error Linux 4.4.0-57-generic
18 error argv "/usr/bin/nodejs" "/usr/bin/npm" "run" "hyde:prod"
19 error node v4.2.6
20 error npm  v3.5.2
21 error code ELIFECYCLE
22 error devilesk.com@1.0.0 hyde:prod: `hyde gen -c site-prod.yaml`
22 error Exit status 2
23 error Failed at the devilesk.com@1.0.0 hyde:prod script 'hyde gen -c site-prod.yaml'.
23 error Make sure you have the latest version of node.js and npm installed.
23 error If you do, this is most likely a problem with the devilesk.com package,
23 error not with npm itself.
23 error Tell the author that this fails on your system:
23 error     hyde gen -c site-prod.yaml
23 error You can get information on how to open an issue for this project with:
23 error     npm bugs devilesk.com
23 error Or if that isn't available, you can get their info via:
23 error     npm owner ls devilesk.com
23 error There is likely additional logging output above.
24 verbose exit [ 1, true ]
